\BOOKMARK [1][-]{section.1}{Introduction}{}% 1
\BOOKMARK [1][-]{section.2}{Project Specification}{}% 2
\BOOKMARK [2][-]{subsection.2.1}{Deliverables}{section.2}% 3
\BOOKMARK [3][-]{subsubsection.2.1.1}{Drone}{subsection.2.1}% 4
\BOOKMARK [3][-]{subsubsection.2.1.2}{Cloud Services}{subsection.2.1}% 5
\BOOKMARK [1][-]{section.3}{Background}{}% 6
\BOOKMARK [2][-]{subsection.3.1}{Cloud Services}{section.3}% 7
\BOOKMARK [3][-]{subsubsection.3.1.1}{Providers}{subsection.3.1}% 8
\BOOKMARK [3][-]{subsubsection.3.1.2}{Architectural Advantages}{subsection.3.1}% 9
\BOOKMARK [1][-]{section.4}{Analysis and Design}{}% 10
\BOOKMARK [1][-]{section.5}{Implementation}{}% 11
\BOOKMARK [2][-]{subsection.5.1}{Pi and Drone}{section.5}% 12
\BOOKMARK [2][-]{subsection.5.2}{Node JS Server}{section.5}% 13
\BOOKMARK [3][-]{subsubsection.5.2.1}{Server Functionality}{subsection.5.2}% 14
\BOOKMARK [3][-]{subsubsection.5.2.2}{Security}{subsection.5.2}% 15
\BOOKMARK [2][-]{subsection.5.3}{Drone Control}{section.5}% 16
\BOOKMARK [2][-]{subsection.5.4}{Android Extension}{section.5}% 17
\BOOKMARK [1][-]{section.6}{Testing}{}% 18
\BOOKMARK [1][-]{section.7}{Results}{}% 19
\BOOKMARK [1][-]{section.8}{Evaluation}{}% 20
\BOOKMARK [2][-]{subsection.8.1}{Testing of situations}{section.8}% 21
\BOOKMARK [1][-]{section.9}{Conclusion}{}% 22
\BOOKMARK [1][-]{section.10}{Further Work}{}% 23
\BOOKMARK [1][-]{section.11}{User Guide}{}% 24
